# JRE version: OpenJDK Runtime Environment (7.0_85-b01) (build 1.7.0_85-b01)
# Java VM: OpenJDK Client VM (24.85-b03 mixed mode, sharing linux-x86 )
Heap
 def new generation   total 29888K, used 1883K [0x6e800000, 0x70860000, 0x792a0000)
  eden space 26624K,   2% used [0x6e800000, 0x6e8c3780, 0x70200000)
  from space 3264K,  33% used [0x70200000, 0x703134a0, 0x70530000)
  to   space 3264K,   0% used [0x70530000, 0x70530000, 0x70860000)
 tenured generation   total 66256K, used 41979K [0x792a0000, 0x7d354000, 0x8e800000)
   the space 66256K,  63% used [0x792a0000, 0x7bb9ee80, 0x7bb9f000, 0x7d354000)
 compacting perm gen  total 22272K, used 22017K [0x8e800000, 0x8fdc0000, 0x92800000)
   the space 22272K,  98% used [0x8e800000, 0x8fd805f8, 0x8fd80600, 0x8fdc0000)
    ro space 10240K,  58% used [0x92800000, 0x92de2e40, 0x92de3000, 0x93200000)
    rw space 12288K,  59% used [0x93200000, 0x9391bb10, 0x9391bc00, 0x93e00000)
GC Heap History (10 events):
Event: 10574.391 GC heap before
{Heap before GC invocations=70 (full 5):
 def new generation   total 29888K, used 26900K [0x6e800000, 0x70860000, 0x792a0000)
  eden space 26624K, 100% used [0x6e800000, 0x70200000, 0x70200000)
  from space 3264K,   8% used [0x70530000, 0x705750a0, 0x70860000)
  to   space 3264K,   0% used [0x70200000, 0x70200000, 0x70530000)
 tenured generation   total 66256K, used 41952K [0x792a0000, 0x7d354000, 0x8e800000)
   the space 66256K,  63% used [0x792a0000, 0x7bb982f8, 0x7bb98400, 0x7d354000)
 compacting perm gen  total 21504K, used 21436K [0x8e800000, 0x8fd00000, 0x92800000)
   the space 21504K,  99% used [0x8e800000, 0x8fcef328, 0x8fcef400, 0x8fd00000)
    ro space 10240K,  58% used [0x92800000, 0x92de2e40, 0x92de3000, 0x93200000)
    rw space 12288K,  59% used [0x93200000, 0x9391bb10, 0x9391bc00, 0x93e00000)
Event: 10574.396 GC heap after
Heap after GC invocations=71 (full 5):
 def new generation   total 29888K, used 264K [0x6e800000, 0x70860000, 0x792a0000)
  eden space 26624K,   0% used [0x6e800000, 0x6e800000, 0x70200000)
  from space 3264K,   8% used [0x70200000, 0x702421c8, 0x70530000)
  to   space 3264K,   0% used [0x70530000, 0x70530000, 0x70860000)
 tenured generation   total 66256K, used 41955K [0x792a0000, 0x7d354000, 0x8e800000)
   the space 66256K,  63% used [0x792a0000, 0x7bb98f18, 0x7bb99000, 0x7d354000)
 compacting perm gen  total 21504K, used 21436K [0x8e800000, 0x8fd00000, 0x92800000)
   the space 21504K,  99% used [0x8e800000, 0x8fcef328, 0x8fcef400, 0x8fd00000)
    ro space 10240K,  58% used [0x92800000, 0x92de2e40, 0x92de3000, 0x93200000)
    rw space 12288K,  59% used [0x93200000, 0x9391bb10, 0x9391bc00, 0x93e00000)
}
Event: 10584.005 GC heap before
{Heap before GC invocations=71 (full 5):
 def new generation   total 29888K, used 26888K [0x6e800000, 0x70860000, 0x792a0000)
  eden space 26624K, 100% used [0x6e800000, 0x70200000, 0x70200000)
  from space 3264K,   8% used [0x70200000, 0x702421c8, 0x70530000)
  to   space 3264K,   0% used [0x70530000, 0x70530000, 0x70860000)
 tenured generation   total 66256K, used 41955K [0x792a0000, 0x7d354000, 0x8e800000)
   the space 66256K,  63% used [0x792a0000, 0x7bb98f18, 0x7bb99000, 0x7d354000)
 compacting perm gen  total 21504K, used 21436K [0x8e800000, 0x8fd00000, 0x92800000)
   the space 21504K,  99% used [0x8e800000, 0x8fcef378, 0x8fcef400, 0x8fd00000)
    ro space 10240K,  58% used [0x92800000, 0x92de2e40, 0x92de3000, 0x93200000)
    rw space 12288K,  59% used [0x93200000, 0x9391bb10, 0x9391bc00, 0x93e00000)
Event: 10584.011 GC heap after
Heap after GC invocations=72 (full 5):
 def new generation   total 29888K, used 250K [0x6e800000, 0x70860000, 0x792a0000)
  eden space 26624K,   0% used [0x6e800000, 0x6e800000, 0x70200000)
  from space 3264K,   7% used [0x70530000, 0x7056e878, 0x70860000)
  to   space 3264K,   0% used [0x70200000, 0x70200000, 0x70530000)
 tenured generation   total 66256K, used 41967K [0x792a0000, 0x7d354000, 0x8e800000)
   the space 66256K,  63% used [0x792a0000, 0x7bb9bfc0, 0x7bb9c000, 0x7d354000)
 compacting perm gen  total 21504K, used 21436K [0x8e800000, 0x8fd00000, 0x92800000)
   the space 21504K,  99% used [0x8e800000, 0x8fcef378, 0x8fcef400, 0x8fd00000)
    ro space 10240K,  58% used [0x92800000, 0x92de2e40, 0x92de3000, 0x93200000)
    rw space 12288K,  59% used [0x93200000, 0x9391bb10, 0x9391bc00, 0x93e00000)
}
Event: 10585.295 GC heap before
{Heap before GC invocations=72 (full 5):
 def new generation   total 29888K, used 26874K [0x6e800000, 0x70860000, 0x792a0000)
  eden space 26624K, 100% used [0x6e800000, 0x70200000, 0x70200000)
  from space 3264K,   7% used [0x70530000, 0x7056e878, 0x70860000)
  to   space 3264K,   0% used [0x70200000, 0x70200000, 0x70530000)
 tenured generation   total 66256K, used 41967K [0x792a0000, 0x7d354000, 0x8e800000)
   the space 66256K,  63% used [0x792a0000, 0x7bb9bfc0, 0x7bb9c000, 0x7d354000)
 compacting perm gen  total 21504K, used 21436K [0x8e800000, 0x8fd00000, 0x92800000)
   the space 21504K,  99% used [0x8e800000, 0x8fcef378, 0x8fcef400, 0x8fd00000)
    ro space 10240K,  58% used [0x92800000, 0x92de2e40, 0x92de3000, 0x93200000)
    rw space 12288K,  59% used [0x93200000, 0x9391bb10, 0x9391bc00, 0x93e00000)
Event: 10585.300 GC heap after
Heap after GC invocations=73 (full 5):
 def new generation   total 29888K, used 262K [0x6e800000, 0x70860000, 0x792a0000)
  eden space 26624K,   0% used [0x6e800000, 0x6e800000, 0x70200000)
  from space 3264K,   8% used [0x70200000, 0x702419c0, 0x70530000)
  to   space 3264K,   0% used [0x70530000, 0x70530000, 0x70860000)
 tenured generation   total 66256K, used 41967K [0x792a0000, 0x7d354000, 0x8e800000)
   the space 66256K,  63% used [0x792a0000, 0x7bb9bfc0, 0x7bb9c000, 0x7d354000)
 compacting perm gen  total 21504K, used 21436K [0x8e800000, 0x8fd00000, 0x92800000)
   the space 21504K,  99% used [0x8e800000, 0x8fcef378, 0x8fcef400, 0x8fd00000)
    ro space 10240K,  58% used [0x92800000, 0x92de2e40, 0x92de3000, 0x93200000)
    rw space 12288K,  59% used [0x93200000, 0x9391bb10, 0x9391bc00, 0x93e00000)
}
Event: 10589.246 GC heap before
{Heap before GC invocations=73 (full 5):
 def new generation   total 29888K, used 26886K [0x6e800000, 0x70860000, 0x792a0000)
  eden space 26624K, 100% used [0x6e800000, 0x70200000, 0x70200000)
  from space 3264K,   8% used [0x70200000, 0x702419c0, 0x70530000)
  to   space 3264K,   0% used [0x70530000, 0x70530000, 0x70860000)
 tenured generation   total 66256K, used 41967K [0x792a0000, 0x7d354000, 0x8e800000)
   the space 66256K,  63% used [0x792a0000, 0x7bb9bfc0, 0x7bb9c000, 0x7d354000)
 compacting perm gen  total 21504K, used 21436K [0x8e800000, 0x8fd00000, 0x92800000)
   the space 21504K,  99% used [0x8e800000, 0x8fcef378, 0x8fcef400, 0x8fd00000)
    ro space 10240K,  58% used [0x92800000, 0x92de2e40, 0x92de3000, 0x93200000)
    rw space 12288K,  59% used [0x93200000, 0x9391bb10, 0x9391bc00, 0x93e00000)
Event: 10589.250 GC heap after
Heap after GC invocations=74 (full 5):
 def new generation   total 29888K, used 252K [0x6e800000, 0x70860000, 0x792a0000)
  eden space 26624K,   0% used [0x6e800000, 0x6e800000, 0x70200000)
  from space 3264K,   7% used [0x70530000, 0x7056f3e0, 0x70860000)
  to   space 3264K,   0% used [0x70200000, 0x70200000, 0x70530000)
 tenured generation   total 66256K, used 41967K [0x792a0000, 0x7d354000, 0x8e800000)
   the space 66256K,  63% used [0x792a0000, 0x7bb9bfc0, 0x7bb9c000, 0x7d354000)
 compacting perm gen  total 21504K, used 21436K [0x8e800000, 0x8fd00000, 0x92800000)
   the space 21504K,  99% used [0x8e800000, 0x8fcef378, 0x8fcef400, 0x8fd00000)
    ro space 10240K,  58% used [0x92800000, 0x92de2e40, 0x92de3000, 0x93200000)
    rw space 12288K,  59% used [0x93200000, 0x9391bb10, 0x9391bc00, 0x93e00000)
}
Event: 10633.794 GC heap before
{Heap before GC invocations=74 (full 5):
 def new generation   total 29888K, used 26876K [0x6e800000, 0x70860000, 0x792a0000)
  eden space 26624K, 100% used [0x6e800000, 0x70200000, 0x70200000)
  from space 3264K,   7% used [0x70530000, 0x7056f3e0, 0x70860000)
  to   space 3264K,   0% used [0x70200000, 0x70200000, 0x70530000)
 tenured generation   total 66256K, used 41967K [0x792a0000, 0x7d354000, 0x8e800000)
   the space 66256K,  63% used [0x792a0000, 0x7bb9bfc0, 0x7bb9c000, 0x7d354000)
 compacting perm gen  total 21760K, used 21731K [0x8e800000, 0x8fd40000, 0x92800000)
   the space 21760K,  99% used [0x8e800000, 0x8fd38dd0, 0x8fd38e00, 0x8fd40000)
    ro space 10240K,  58% used [0x92800000, 0x92de2e40, 0x92de3000, 0x93200000)
    rw space 12288K,  59% used [0x93200000, 0x9391bb10, 0x9391bc00, 0x93e00000)
Event: 10633.805 GC heap after
Heap after GC invocations=75 (full 5):
 def new generation   total 29888K, used 1101K [0x6e800000, 0x70860000, 0x792a0000)
  eden space 26624K,   0% used [0x6e800000, 0x6e800000, 0x70200000)
  from space 3264K,  33% used [0x70200000, 0x703134a0, 0x70530000)
  to   space 3264K,   0% used [0x70530000, 0x70530000, 0x70860000)
 tenured generation   total 66256K, used 41979K [0x792a0000, 0x7d354000, 0x8e800000)
   the space 66256K,  63% used [0x792a0000, 0x7bb9ee80, 0x7bb9f000, 0x7d354000)
 compacting perm gen  total 21760K, used 21731K [0x8e800000, 0x8fd40000, 0x92800000)
   the space 21760K,  99% used [0x8e800000, 0x8fd38dd0, 0x8fd38e00, 0x8fd40000)
    ro space 10240K,  58% used [0x92800000, 0x92de2e40, 0x92de3000, 0x93200000)
    rw space 12288K,  59% used [0x93200000, 0x9391bb10, 0x9391bc00, 0x93e00000)
}

